<?xml version="1.0" encoding="UTF-8"?>
<!-- Generated by org.testng.reporters.JUnitReportReporter -->
<testsuite hostname="LTIN238012" failures="0" tests="6" name="miniproject" time="10.613" errors="0" timestamp="2024-03-13T10:20:18 IST" skipped="0">
  <testcase classname="miniproject" name="handlepopup" time="0.066"/>
  <system-out/>
  <testcase classname="miniproject" name="totalnumber" time="0.509"/>
  <system-out/>
  <testcase classname="miniproject" name="verify" time="0.872"/>
  <system-out/>
  <testcase classname="miniproject" name="waittime" time="0.009"/>
  <system-out/>
  <testcase classname="miniproject" name="handlelivechat" time="0.691"/>
  <system-out/>
  <testcase classname="miniproject" name="completedprojectclick" time="8.466"/>
  <system-out/>
</testsuite> <!-- miniproject -->
