<?xml version="1.0" encoding="UTF-8"?>
<!-- Generated by org.testng.reporters.JUnitReportReporter -->
<testsuite hostname="LTIN238012" failures="0" tests="6" name="miniproject" time="11.239" errors="0" timestamp="2024-03-13T12:45:07 IST" skipped="0">
  <testcase classname="miniproject" name="waittime" time="0.025"/>
  <system-out/>
  <testcase classname="miniproject" name="handlelivechat" time="5.225"/>
  <system-out/>
  <testcase classname="miniproject" name="handlepopup" time="3.137"/>
  <system-out/>
  <testcase classname="miniproject" name="completedprojectclick" time="1.763"/>
  <system-out/>
  <testcase classname="miniproject" name="totalnumber" time="0.446"/>
  <system-out/>
  <testcase classname="miniproject" name="verify" time="0.643"/>
  <system-out/>
</testsuite> <!-- miniproject -->
